# JRE version: 7.0_25-b15
# Java VM: Java HotSpot(TM) 64-Bit Server VM (23.25-b01 mixed mode bsd-amd64 compressed oops)
Heap
 def new generation   total 35648K, used 21209K [0x00000007eb400000, 0x00000007edaa0000, 0x00000007f0750000)
  eden space 31744K,  65% used [0x00000007eb400000, 0x00000007ec83cfa0, 0x00000007ed300000)
  from space 3904K,  12% used [0x00000007ed6d0000, 0x00000007ed749690, 0x00000007edaa0000)
  to   space 3904K,   0% used [0x00000007ed300000, 0x00000007ed300000, 0x00000007ed6d0000)
 tenured generation   total 78704K, used 47220K [0x00000007f0750000, 0x00000007f542c000, 0x00000007fae00000)
   the space 78704K,  59% used [0x00000007f0750000, 0x00000007f356d188, 0x00000007f356d200, 0x00000007f542c000)
 compacting perm gen  total 43072K, used 42760K [0x00000007fae00000, 0x00000007fd810000, 0x0000000800000000)
   the space 43072K,  99% used [0x00000007fae00000, 0x00000007fd7c2160, 0x00000007fd7c2200, 0x00000007fd810000)
GC Heap History (10 events):
Event: 3354.243 GC heap before
{Heap before GC invocations=712 (full 6):
 def new generation   total 35648K, used 32041K [0x00000007eb400000, 0x00000007edaa0000, 0x00000007f0750000)
  eden space 31744K, 100% used [0x00000007eb400000, 0x00000007ed300000, 0x00000007ed300000)
  from space 3904K,   7% used [0x00000007ed300000, 0x00000007ed34a458, 0x00000007ed6d0000)
  to   space 3904K,   0% used [0x00000007ed6d0000, 0x00000007ed6d0000, 0x00000007edaa0000)
 tenured generation   total 78704K, used 47220K [0x00000007f0750000, 0x00000007f542c000, 0x00000007fae00000)
   the space 78704K,  59% used [0x00000007f0750000, 0x00000007f356d188, 0x00000007f356d200, 0x00000007f542c000)
 compacting perm gen  total 42752K, used 42470K [0x00000007fae00000, 0x00000007fd7c0000, 0x0000000800000000)
   the space 42752K,  99% used [0x00000007fae00000, 0x00000007fd779a68, 0x00000007fd779c00, 0x00000007fd7c0000)
No shared spaces configured.
Event: 3354.247 GC heap after
Heap after GC invocations=713 (full 6):
 def new generation   total 35648K, used 335K [0x00000007eb400000, 0x00000007edaa0000, 0x00000007f0750000)
  eden space 31744K,   0% used [0x00000007eb400000, 0x00000007eb400000, 0x00000007ed300000)
  from space 3904K,   8% used [0x00000007ed6d0000, 0x00000007ed723fe8, 0x00000007edaa0000)
  to   space 3904K,   0% used [0x00000007ed300000, 0x00000007ed300000, 0x00000007ed6d0000)
 tenured generation   total 78704K, used 47220K [0x00000007f0750000, 0x00000007f542c000, 0x00000007fae00000)
   the space 78704K,  59% used [0x00000007f0750000, 0x00000007f356d188, 0x00000007f356d200, 0x00000007f542c000)
 compacting perm gen  total 42752K, used 42470K [0x00000007fae00000, 0x00000007fd7c0000, 0x0000000800000000)
   the space 42752K,  99% used [0x00000007fae00000, 0x00000007fd779a68, 0x00000007fd779c00, 0x00000007fd7c0000)
No shared spaces configured.
}
Event: 3449.117 GC heap before
{Heap before GC invocations=713 (full 6):
 def new generation   total 35648K, used 32079K [0x00000007eb400000, 0x00000007edaa0000, 0x00000007f0750000)
  eden space 31744K, 100% used [0x00000007eb400000, 0x00000007ed300000, 0x00000007ed300000)
  from space 3904K,   8% used [0x00000007ed6d0000, 0x00000007ed723fe8, 0x00000007edaa0000)
  to   space 3904K,   0% used [0x00000007ed300000, 0x00000007ed300000, 0x00000007ed6d0000)
 tenured generation   total 78704K, used 47220K [0x00000007f0750000, 0x00000007f542c000, 0x00000007fae00000)
   the space 78704K,  59% used [0x00000007f0750000, 0x00000007f356d188, 0x00000007f356d200, 0x00000007f542c000)
 compacting perm gen  total 42752K, used 42505K [0x00000007fae00000, 0x00000007fd7c0000, 0x0000000800000000)
   the space 42752K,  99% used [0x00000007fae00000, 0x00000007fd782550, 0x00000007fd782600, 0x00000007fd7c0000)
No shared spaces configured.
Event: 3449.126 GC heap after
Heap after GC invocations=714 (full 6):
 def new generation   total 35648K, used 389K [0x00000007eb400000, 0x00000007edaa0000, 0x00000007f0750000)
  eden space 31744K,   0% used [0x00000007eb400000, 0x00000007eb400000, 0x00000007ed300000)
  from space 3904K,   9% used [0x00000007ed300000, 0x00000007ed361440, 0x00000007ed6d0000)
  to   space 3904K,   0% used [0x00000007ed6d0000, 0x00000007ed6d0000, 0x00000007edaa0000)
 tenured generation   total 78704K, used 47220K [0x00000007f0750000, 0x00000007f542c000, 0x00000007fae00000)
   the space 78704K,  59% used [0x00000007f0750000, 0x00000007f356d188, 0x00000007f356d200, 0x00000007f542c000)
 compacting perm gen  total 42752K, used 42505K [0x00000007fae00000, 0x00000007fd7c0000, 0x0000000800000000)
   the space 42752K,  99% used [0x00000007fae00000, 0x00000007fd782550, 0x00000007fd782600, 0x00000007fd7c0000)
No shared spaces configured.
}
Event: 3994.829 GC heap before
{Heap before GC invocations=714 (full 6):
 def new generation   total 35648K, used 32133K [0x00000007eb400000, 0x00000007edaa0000, 0x00000007f0750000)
  eden space 31744K, 100% used [0x00000007eb400000, 0x00000007ed300000, 0x00000007ed300000)
  from space 3904K,   9% used [0x00000007ed300000, 0x00000007ed361440, 0x00000007ed6d0000)
  to   space 3904K,   0% used [0x00000007ed6d0000, 0x00000007ed6d0000, 0x00000007edaa0000)
 tenured generation   total 78704K, used 47220K [0x00000007f0750000, 0x00000007f542c000, 0x00000007fae00000)
   the space 78704K,  59% used [0x00000007f0750000, 0x00000007f356d188, 0x00000007f356d200, 0x00000007f542c000)
 compacting perm gen  total 42752K, used 42545K [0x00000007fae00000, 0x00000007fd7c0000, 0x0000000800000000)
   the space 42752K,  99% used [0x00000007fae00000, 0x00000007fd78c500, 0x00000007fd78c600, 0x00000007fd7c0000)
No shared spaces configured.
Event: 3994.834 GC heap after
Heap after GC invocations=715 (full 6):
 def new generation   total 35648K, used 399K [0x00000007eb400000, 0x00000007edaa0000, 0x00000007f0750000)
  eden space 31744K,   0% used [0x00000007eb400000, 0x00000007eb400000, 0x00000007ed300000)
  from space 3904K,  10% used [0x00000007ed6d0000, 0x00000007ed733f20, 0x00000007edaa0000)
  to   space 3904K,   0% used [0x00000007ed300000, 0x00000007ed300000, 0x00000007ed6d0000)
 tenured generation   total 78704K, used 47220K [0x00000007f0750000, 0x00000007f542c000, 0x00000007fae00000)
   the space 78704K,  59% used [0x00000007f0750000, 0x00000007f356d188, 0x00000007f356d200, 0x00000007f542c000)
 compacting perm gen  total 42752K, used 42545K [0x00000007fae00000, 0x00000007fd7c0000, 0x0000000800000000)
   the space 42752K,  99% used [0x00000007fae00000, 0x00000007fd78c500, 0x00000007fd78c600, 0x00000007fd7c0000)
No shared spaces configured.
}
Event: 4186.209 GC heap before
{Heap before GC invocations=715 (full 6):
 def new generation   total 35648K, used 32143K [0x00000007eb400000, 0x00000007edaa0000, 0x00000007f0750000)
  eden space 31744K, 100% used [0x00000007eb400000, 0x00000007ed300000, 0x00000007ed300000)
  from space 3904K,  10% used [0x00000007ed6d0000, 0x00000007ed733f20, 0x00000007edaa0000)
  to   space 3904K,   0% used [0x00000007ed300000, 0x00000007ed300000, 0x00000007ed6d0000)
 tenured generation   total 78704K, used 47220K [0x00000007f0750000, 0x00000007f542c000, 0x00000007fae00000)
   the space 78704K,  59% used [0x00000007f0750000, 0x00000007f356d188, 0x00000007f356d200, 0x00000007f542c000)
 compacting perm gen  total 42752K, used 42589K [0x00000007fae00000, 0x00000007fd7c0000, 0x0000000800000000)
   the space 42752K,  99% used [0x00000007fae00000, 0x00000007fd797548, 0x00000007fd797600, 0x00000007fd7c0000)
No shared spaces configured.
Event: 4186.214 GC heap after
Heap after GC invocations=716 (full 6):
 def new generation   total 35648K, used 516K [0x00000007eb400000, 0x00000007edaa0000, 0x00000007f0750000)
  eden space 31744K,   0% used [0x00000007eb400000, 0x00000007eb400000, 0x00000007ed300000)
  from space 3904K,  13% used [0x00000007ed300000, 0x00000007ed3811d0, 0x00000007ed6d0000)
  to   space 3904K,   0% used [0x00000007ed6d0000, 0x00000007ed6d0000, 0x00000007edaa0000)
 tenured generation   total 78704K, used 47220K [0x00000007f0750000, 0x00000007f542c000, 0x00000007fae00000)
   the space 78704K,  59% used [0x00000007f0750000, 0x00000007f356d188, 0x00000007f356d200, 0x00000007f542c000)
 compacting perm gen  total 42752K, used 42589K [0x00000007fae00000, 0x00000007fd7c0000, 0x0000000800000000)
   the space 42752K,  99% used [0x00000007fae00000, 0x00000007fd797548, 0x00000007fd797600, 0x00000007fd7c0000)
No shared spaces configured.
}
Event: 4348.154 GC heap before
{Heap before GC invocations=716 (full 6):
 def new generation   total 35648K, used 32260K [0x00000007eb400000, 0x00000007edaa0000, 0x00000007f0750000)
  eden space 31744K, 100% used [0x00000007eb400000, 0x00000007ed300000, 0x00000007ed300000)
  from space 3904K,  13% used [0x00000007ed300000, 0x00000007ed3811d0, 0x00000007ed6d0000)
  to   space 3904K,   0% used [0x00000007ed6d0000, 0x00000007ed6d0000, 0x00000007edaa0000)
 tenured generation   total 78704K, used 47220K [0x00000007f0750000, 0x00000007f542c000, 0x00000007fae00000)
   the space 78704K,  59% used [0x00000007f0750000, 0x00000007f356d188, 0x00000007f356d200, 0x00000007f542c000)
 compacting perm gen  total 42752K, used 42703K [0x00000007fae00000, 0x00000007fd7c0000, 0x0000000800000000)
   the space 42752K,  99% used [0x00000007fae00000, 0x00000007fd7b3ee0, 0x00000007fd7b4000, 0x00000007fd7c0000)
No shared spaces configured.
Event: 4348.160 GC heap after
Heap after GC invocations=717 (full 6):
 def new generation   total 35648K, used 485K [0x00000007eb400000, 0x00000007edaa0000, 0x00000007f0750000)
  eden space 31744K,   0% used [0x00000007eb400000, 0x00000007eb400000, 0x00000007ed300000)
  from space 3904K,  12% used [0x00000007ed6d0000, 0x00000007ed749690, 0x00000007edaa0000)
  to   space 3904K,   0% used [0x00000007ed300000, 0x00000007ed300000, 0x00000007ed6d0000)
 tenured generation   total 78704K, used 47220K [0x00000007f0750000, 0x00000007f542c000, 0x00000007fae00000)
   the space 78704K,  59% used [0x00000007f0750000, 0x00000007f356d188, 0x00000007f356d200, 0x00000007f542c000)
 compacting perm gen  total 42752K, used 42703K [0x00000007fae00000, 0x00000007fd7c0000, 0x0000000800000000)
   the space 42752K,  99% used [0x00000007fae00000, 0x00000007fd7b3ee0, 0x00000007fd7b4000, 0x00000007fd7c0000)
No shared spaces configured.
}

