# JRE version: 7.0_25-b15
# Java VM: Java HotSpot(TM) 64-Bit Server VM (23.25-b01 mixed mode bsd-amd64 compressed oops)
Heap
 par new generation   total 261952K, used 94707K [0x00000007bae00000, 0x00000007cae00000, 0x00000007caf00000)
  eden space 261760K,  36% used [0x00000007bae00000, 0x00000007c0a7cd50, 0x00000007cada0000)
  from space 192K,   0% used [0x00000007cadd0000, 0x00000007cadd0000, 0x00000007cae00000)
  to   space 192K,   0% used [0x00000007cada0000, 0x00000007cada0000, 0x00000007cadd0000)
 concurrent mark-sweep generation total 262144K, used 69706K [0x00000007caf00000, 0x00000007daf00000, 0x00000007fae00000)
 concurrent-mark-sweep perm gen total 52276K, used 52017K [0x00000007fae00000, 0x00000007fe10d000, 0x0000000800000000)
GC Heap History (10 events):
Event: 75.574 GC heap before
{Heap before GC invocations=54 (full 2):
 par new generation   total 261952K, used 261760K [0x00000007bae00000, 0x00000007cae00000, 0x00000007caf00000)
  eden space 261760K, 100% used [0x00000007bae00000, 0x00000007cada0000, 0x00000007cada0000)
  from space 192K,   0% used [0x00000007cada0000, 0x00000007cada0000, 0x00000007cadd0000)
  to   space 192K,   0% used [0x00000007cadd0000, 0x00000007cadd0000, 0x00000007cae00000)
 concurrent mark-sweep generation total 262144K, used 68402K [0x00000007caf00000, 0x00000007daf00000, 0x00000007fae00000)
 concurrent-mark-sweep perm gen total 51316K, used 51149K [0x00000007fae00000, 0x00000007fe01d000, 0x0000000800000000)
Event: 75.579 GC heap after
Heap after GC invocations=55 (full 2):
 par new generation   total 261952K, used 0K [0x00000007bae00000, 0x00000007cae00000, 0x00000007caf00000)
  eden space 261760K,   0% used [0x00000007bae00000, 0x00000007bae00000, 0x00000007cada0000)
  from space 192K,   0% used [0x00000007cadd0000, 0x00000007cadd0000, 0x00000007cae00000)
  to   space 192K,   0% used [0x00000007cada0000, 0x00000007cada0000, 0x00000007cadd0000)
 concurrent mark-sweep generation total 262144K, used 68564K [0x00000007caf00000, 0x00000007daf00000, 0x00000007fae00000)
 concurrent-mark-sweep perm gen total 51316K, used 51149K [0x00000007fae00000, 0x00000007fe01d000, 0x0000000800000000)
}
Event: 75.951 GC heap before
{Heap before GC invocations=55 (full 2):
 par new generation   total 261952K, used 261760K [0x00000007bae00000, 0x00000007cae00000, 0x00000007caf00000)
  eden space 261760K, 100% used [0x00000007bae00000, 0x00000007cada0000, 0x00000007cada0000)
  from space 192K,   0% used [0x00000007cadd0000, 0x00000007cadd0000, 0x00000007cae00000)
  to   space 192K,   0% used [0x00000007cada0000, 0x00000007cada0000, 0x00000007cadd0000)
 concurrent mark-sweep generation total 262144K, used 68564K [0x00000007caf00000, 0x00000007daf00000, 0x00000007fae00000)
 concurrent-mark-sweep perm gen total 51316K, used 51149K [0x00000007fae00000, 0x00000007fe01d000, 0x0000000800000000)
Event: 75.956 GC heap after
Heap after GC invocations=56 (full 2):
 par new generation   total 261952K, used 0K [0x00000007bae00000, 0x00000007cae00000, 0x00000007caf00000)
  eden space 261760K,   0% used [0x00000007bae00000, 0x00000007bae00000, 0x00000007cada0000)
  from space 192K,   0% used [0x00000007cada0000, 0x00000007cada0000, 0x00000007cadd0000)
  to   space 192K,   0% used [0x00000007cadd0000, 0x00000007cadd0000, 0x00000007cae00000)
 concurrent mark-sweep generation total 262144K, used 68711K [0x00000007caf00000, 0x00000007daf00000, 0x00000007fae00000)
 concurrent-mark-sweep perm gen total 51316K, used 51149K [0x00000007fae00000, 0x00000007fe01d000, 0x0000000800000000)
}
Event: 76.324 GC heap before
{Heap before GC invocations=56 (full 2):
 par new generation   total 261952K, used 261760K [0x00000007bae00000, 0x00000007cae00000, 0x00000007caf00000)
  eden space 261760K, 100% used [0x00000007bae00000, 0x00000007cada0000, 0x00000007cada0000)
  from space 192K,   0% used [0x00000007cada0000, 0x00000007cada0000, 0x00000007cadd0000)
  to   space 192K,   0% used [0x00000007cadd0000, 0x00000007cadd0000, 0x00000007cae00000)
 concurrent mark-sweep generation total 262144K, used 68711K [0x00000007caf00000, 0x00000007daf00000, 0x00000007fae00000)
 concurrent-mark-sweep perm gen total 51316K, used 51149K [0x00000007fae00000, 0x00000007fe01d000, 0x0000000800000000)
Event: 76.330 GC heap after
Heap after GC invocations=57 (full 2):
 par new generation   total 261952K, used 0K [0x00000007bae00000, 0x00000007cae00000, 0x00000007caf00000)
  eden space 261760K,   0% used [0x00000007bae00000, 0x00000007bae00000, 0x00000007cada0000)
  from space 192K,   0% used [0x00000007cadd0000, 0x00000007cadd0000, 0x00000007cae00000)
  to   space 192K,   0% used [0x00000007cada0000, 0x00000007cada0000, 0x00000007cadd0000)
 concurrent mark-sweep generation total 262144K, used 68885K [0x00000007caf00000, 0x00000007daf00000, 0x00000007fae00000)
 concurrent-mark-sweep perm gen total 51316K, used 51149K [0x00000007fae00000, 0x00000007fe01d000, 0x0000000800000000)
}
Event: 76.745 GC heap before
{Heap before GC invocations=57 (full 2):
 par new generation   total 261952K, used 261760K [0x00000007bae00000, 0x00000007cae00000, 0x00000007caf00000)
  eden space 261760K, 100% used [0x00000007bae00000, 0x00000007cada0000, 0x00000007cada0000)
  from space 192K,   0% used [0x00000007cadd0000, 0x00000007cadd0000, 0x00000007cae00000)
  to   space 192K,   0% used [0x00000007cada0000, 0x00000007cada0000, 0x00000007cadd0000)
 concurrent mark-sweep generation total 262144K, used 68885K [0x00000007caf00000, 0x00000007daf00000, 0x00000007fae00000)
 concurrent-mark-sweep perm gen total 51316K, used 51150K [0x00000007fae00000, 0x00000007fe01d000, 0x0000000800000000)
Event: 76.750 GC heap after
Heap after GC invocations=58 (full 2):
 par new generation   total 261952K, used 0K [0x00000007bae00000, 0x00000007cae00000, 0x00000007caf00000)
  eden space 261760K,   0% used [0x00000007bae00000, 0x00000007bae00000, 0x00000007cada0000)
  from space 192K,   0% used [0x00000007cada0000, 0x00000007cada0000, 0x00000007cadd0000)
  to   space 192K,   0% used [0x00000007cadd0000, 0x00000007cadd0000, 0x00000007cae00000)
 concurrent mark-sweep generation total 262144K, used 69555K [0x00000007caf00000, 0x00000007daf00000, 0x00000007fae00000)
 concurrent-mark-sweep perm gen total 51316K, used 51150K [0x00000007fae00000, 0x00000007fe01d000, 0x0000000800000000)
}
Event: 77.237 GC heap before
{Heap before GC invocations=58 (full 2):
 par new generation   total 261952K, used 261760K [0x00000007bae00000, 0x00000007cae00000, 0x00000007caf00000)
  eden space 261760K, 100% used [0x00000007bae00000, 0x00000007cada0000, 0x00000007cada0000)
  from space 192K,   0% used [0x00000007cada0000, 0x00000007cada0000, 0x00000007cadd0000)
  to   space 192K,   0% used [0x00000007cadd0000, 0x00000007cadd0000, 0x00000007cae00000)
 concurrent mark-sweep generation total 262144K, used 69555K [0x00000007caf00000, 0x00000007daf00000, 0x00000007fae00000)
 concurrent-mark-sweep perm gen total 51316K, used 51157K [0x00000007fae00000, 0x00000007fe01d000, 0x0000000800000000)
Event: 77.242 GC heap after
Heap after GC invocations=59 (full 2):
 par new generation   total 261952K, used 0K [0x00000007bae00000, 0x00000007cae00000, 0x00000007caf00000)
  eden space 261760K,   0% used [0x00000007bae00000, 0x00000007bae00000, 0x00000007cada0000)
  from space 192K,   0% used [0x00000007cadd0000, 0x00000007cadd0000, 0x00000007cae00000)
  to   space 192K,   0% used [0x00000007cada0000, 0x00000007cada0000, 0x00000007cadd0000)
 concurrent mark-sweep generation total 262144K, used 69706K [0x00000007caf00000, 0x00000007daf00000, 0x00000007fae00000)
 concurrent-mark-sweep perm gen total 51316K, used 51157K [0x00000007fae00000, 0x00000007fe01d000, 0x0000000800000000)
}

