# JRE version: 7.0_25-b15
# Java VM: Java HotSpot(TM) 64-Bit Server VM (23.25-b01 mixed mode bsd-amd64 compressed oops)
Heap
 def new generation   total 35712K, used 21390K [0x00000007ea200000, 0x00000007ec8b0000, 0x00000007efb50000)
  eden space 31808K,  67% used [0x00000007ea200000, 0x00000007eb6e3918, 0x00000007ec110000)
  from space 3904K,   0% used [0x00000007ec110000, 0x00000007ec110000, 0x00000007ec4e0000)
  to   space 3904K,   0% used [0x00000007ec4e0000, 0x00000007ec4e0000, 0x00000007ec8b0000)
 tenured generation   total 78928K, used 47355K [0x00000007efb50000, 0x00000007f4864000, 0x00000007fae00000)
   the space 78928K,  59% used [0x00000007efb50000, 0x00000007f298ed48, 0x00000007f298ee00, 0x00000007f4864000)
 compacting perm gen  total 42944K, used 42625K [0x00000007fae00000, 0x00000007fd7f0000, 0x0000000800000000)
   the space 42944K,  99% used [0x00000007fae00000, 0x00000007fd7a0458, 0x00000007fd7a0600, 0x00000007fd7f0000)
GC Heap History (10 events):
Event: 711.276 GC heap before
{Heap before GC invocations=693 (full 5):
 def new generation   total 30912K, used 28211K [0x00000007ea200000, 0x00000007ec380000, 0x00000007efb50000)
  eden space 27520K, 100% used [0x00000007ea200000, 0x00000007ebce0000, 0x00000007ebce0000)
  from space 3392K,  20% used [0x00000007ec030000, 0x00000007ec0dcc18, 0x00000007ec380000)
  to   space 3392K,   0% used [0x00000007ebce0000, 0x00000007ebce0000, 0x00000007ec030000)
 tenured generation   total 68328K, used 53042K [0x00000007efb50000, 0x00000007f3e0a000, 0x00000007fae00000)
   the space 68328K,  77% used [0x00000007efb50000, 0x00000007f2f1c850, 0x00000007f2f1ca00, 0x00000007f3e0a000)
 compacting perm gen  total 42624K, used 42510K [0x00000007fae00000, 0x00000007fd7a0000, 0x0000000800000000)
   the space 42624K,  99% used [0x00000007fae00000, 0x00000007fd783b50, 0x00000007fd783c00, 0x00000007fd7a0000)
No shared spaces configured.
Event: 711.284 GC heap after
Heap after GC invocations=694 (full 5):
 def new generation   total 30912K, used 704K [0x00000007ea200000, 0x00000007ec380000, 0x00000007efb50000)
  eden space 27520K,   0% used [0x00000007ea200000, 0x00000007ea200000, 0x00000007ebce0000)
  from space 3392K,  20% used [0x00000007ebce0000, 0x00000007ebd90230, 0x00000007ec030000)
  to   space 3392K,   0% used [0x00000007ec030000, 0x00000007ec030000, 0x00000007ec380000)
 tenured generation   total 68328K, used 53042K [0x00000007efb50000, 0x00000007f3e0a000, 0x00000007fae00000)
   the space 68328K,  77% used [0x00000007efb50000, 0x00000007f2f1c850, 0x00000007f2f1ca00, 0x00000007f3e0a000)
 compacting perm gen  total 42624K, used 42510K [0x00000007fae00000, 0x00000007fd7a0000, 0x0000000800000000)
   the space 42624K,  99% used [0x00000007fae00000, 0x00000007fd783b50, 0x00000007fd783c00, 0x00000007fd7a0000)
No shared spaces configured.
}
Event: 758.810 GC heap before
{Heap before GC invocations=694 (full 5):
 def new generation   total 30912K, used 28224K [0x00000007ea200000, 0x00000007ec380000, 0x00000007efb50000)
  eden space 27520K, 100% used [0x00000007ea200000, 0x00000007ebce0000, 0x00000007ebce0000)
  from space 3392K,  20% used [0x00000007ebce0000, 0x00000007ebd90230, 0x00000007ec030000)
  to   space 3392K,   0% used [0x00000007ec030000, 0x00000007ec030000, 0x00000007ec380000)
 tenured generation   total 68328K, used 53042K [0x00000007efb50000, 0x00000007f3e0a000, 0x00000007fae00000)
   the space 68328K,  77% used [0x00000007efb50000, 0x00000007f2f1c850, 0x00000007f2f1ca00, 0x00000007f3e0a000)
 compacting perm gen  total 42624K, used 42544K [0x00000007fae00000, 0x00000007fd7a0000, 0x0000000800000000)
   the space 42624K,  99% used [0x00000007fae00000, 0x00000007fd78c278, 0x00000007fd78c400, 0x00000007fd7a0000)
No shared spaces configured.
Event: 758.818 GC heap after
Heap after GC invocations=695 (full 5):
 def new generation   total 30912K, used 718K [0x00000007ea200000, 0x00000007ec380000, 0x00000007efb50000)
  eden space 27520K,   0% used [0x00000007ea200000, 0x00000007ea200000, 0x00000007ebce0000)
  from space 3392K,  21% used [0x00000007ec030000, 0x00000007ec0e3b38, 0x00000007ec380000)
  to   space 3392K,   0% used [0x00000007ebce0000, 0x00000007ebce0000, 0x00000007ec030000)
 tenured generation   total 68328K, used 53042K [0x00000007efb50000, 0x00000007f3e0a000, 0x00000007fae00000)
   the space 68328K,  77% used [0x00000007efb50000, 0x00000007f2f1c850, 0x00000007f2f1ca00, 0x00000007f3e0a000)
 compacting perm gen  total 42624K, used 42544K [0x00000007fae00000, 0x00000007fd7a0000, 0x0000000800000000)
   the space 42624K,  99% used [0x00000007fae00000, 0x00000007fd78c278, 0x00000007fd78c400, 0x00000007fd7a0000)
No shared spaces configured.
}
Event: 790.497 GC heap before
{Heap before GC invocations=695 (full 5):
 def new generation   total 30912K, used 28238K [0x00000007ea200000, 0x00000007ec380000, 0x00000007efb50000)
  eden space 27520K, 100% used [0x00000007ea200000, 0x00000007ebce0000, 0x00000007ebce0000)
  from space 3392K,  21% used [0x00000007ec030000, 0x00000007ec0e3b38, 0x00000007ec380000)
  to   space 3392K,   0% used [0x00000007ebce0000, 0x00000007ebce0000, 0x00000007ec030000)
 tenured generation   total 68328K, used 53042K [0x00000007efb50000, 0x00000007f3e0a000, 0x00000007fae00000)
   the space 68328K,  77% used [0x00000007efb50000, 0x00000007f2f1c850, 0x00000007f2f1ca00, 0x00000007f3e0a000)
 compacting perm gen  total 42624K, used 42558K [0x00000007fae00000, 0x00000007fd7a0000, 0x0000000800000000)
   the space 42624K,  99% used [0x00000007fae00000, 0x00000007fd78f8b0, 0x00000007fd78fa00, 0x00000007fd7a0000)
No shared spaces configured.
Event: 790.509 GC heap after
Heap after GC invocations=696 (full 5):
 def new generation   total 30912K, used 710K [0x00000007ea200000, 0x00000007ec380000, 0x00000007efb50000)
  eden space 27520K,   0% used [0x00000007ea200000, 0x00000007ea200000, 0x00000007ebce0000)
  from space 3392K,  20% used [0x00000007ebce0000, 0x00000007ebd91830, 0x00000007ec030000)
  to   space 3392K,   0% used [0x00000007ec030000, 0x00000007ec030000, 0x00000007ec380000)
 tenured generation   total 68328K, used 53042K [0x00000007efb50000, 0x00000007f3e0a000, 0x00000007fae00000)
   the space 68328K,  77% used [0x00000007efb50000, 0x00000007f2f1c850, 0x00000007f2f1ca00, 0x00000007f3e0a000)
 compacting perm gen  total 42624K, used 42558K [0x00000007fae00000, 0x00000007fd7a0000, 0x0000000800000000)
   the space 42624K,  99% used [0x00000007fae00000, 0x00000007fd78f8b0, 0x00000007fd78fa00, 0x00000007fd7a0000)
No shared spaces configured.
}
Event: 1011.495 GC heap before
{Heap before GC invocations=696 (full 5):
 def new generation   total 30912K, used 28230K [0x00000007ea200000, 0x00000007ec380000, 0x00000007efb50000)
  eden space 27520K, 100% used [0x00000007ea200000, 0x00000007ebce0000, 0x00000007ebce0000)
  from space 3392K,  20% used [0x00000007ebce0000, 0x00000007ebd91830, 0x00000007ec030000)
  to   space 3392K,   0% used [0x00000007ec030000, 0x00000007ec030000, 0x00000007ec380000)
 tenured generation   total 68328K, used 53042K [0x00000007efb50000, 0x00000007f3e0a000, 0x00000007fae00000)
   the space 68328K,  77% used [0x00000007efb50000, 0x00000007f2f1c850, 0x00000007f2f1ca00, 0x00000007f3e0a000)
 compacting perm gen  total 42624K, used 42603K [0x00000007fae00000, 0x00000007fd7a0000, 0x0000000800000000)
   the space 42624K,  99% used [0x00000007fae00000, 0x00000007fd79ade8, 0x00000007fd79ae00, 0x00000007fd7a0000)
No shared spaces configured.
Event: 1011.503 GC heap after
Heap after GC invocations=697 (full 5):
 def new generation   total 30912K, used 742K [0x00000007ea200000, 0x00000007ec380000, 0x00000007efb50000)
  eden space 27520K,   0% used [0x00000007ea200000, 0x00000007ea200000, 0x00000007ebce0000)
  from space 3392K,  21% used [0x00000007ec030000, 0x00000007ec0e98c8, 0x00000007ec380000)
  to   space 3392K,   0% used [0x00000007ebce0000, 0x00000007ebce0000, 0x00000007ec030000)
 tenured generation   total 68328K, used 53042K [0x00000007efb50000, 0x00000007f3e0a000, 0x00000007fae00000)
   the space 68328K,  77% used [0x00000007efb50000, 0x00000007f2f1c850, 0x00000007f2f1ca00, 0x00000007f3e0a000)
 compacting perm gen  total 42624K, used 42603K [0x00000007fae00000, 0x00000007fd7a0000, 0x0000000800000000)
   the space 42624K,  99% used [0x00000007fae00000, 0x00000007fd79ade8, 0x00000007fd79ae00, 0x00000007fd7a0000)
No shared spaces configured.
}
Event: 1127.938 GC heap before
{Heap before GC invocations=697 (full 5):
 def new generation   total 30912K, used 28106K [0x00000007ea200000, 0x00000007ec380000, 0x00000007efb50000)
  eden space 27520K,  99% used [0x00000007ea200000, 0x00000007ebcb9178, 0x00000007ebce0000)
  from space 3392K,  21% used [0x00000007ec030000, 0x00000007ec0e98c8, 0x00000007ec380000)
  to   space 3392K,   0% used [0x00000007ebce0000, 0x00000007ebce0000, 0x00000007ec030000)
 tenured generation   total 68328K, used 53042K [0x00000007efb50000, 0x00000007f3e0a000, 0x00000007fae00000)
   the space 68328K,  77% used [0x00000007efb50000, 0x00000007f2f1c850, 0x00000007f2f1ca00, 0x00000007f3e0a000)
 compacting perm gen  total 42624K, used 42623K [0x00000007fae00000, 0x00000007fd7a0000, 0x0000000800000000)
   the space 42624K,  99% used [0x00000007fae00000, 0x00000007fd79fd30, 0x00000007fd79fe00, 0x00000007fd7a0000)
No shared spaces configured.
Event: 1128.238 GC heap after
Heap after GC invocations=698 (full 6):
 def new generation   total 35712K, used 0K [0x00000007ea200000, 0x00000007ec8b0000, 0x00000007efb50000)
  eden space 31808K,   0% used [0x00000007ea200000, 0x00000007ea200000, 0x00000007ec110000)
  from space 3904K,   0% used [0x00000007ec110000, 0x00000007ec110000, 0x00000007ec4e0000)
  to   space 3904K,   0% used [0x00000007ec4e0000, 0x00000007ec4e0000, 0x00000007ec8b0000)
 tenured generation   total 78928K, used 47355K [0x00000007efb50000, 0x00000007f4864000, 0x00000007fae00000)
   the space 78928K,  59% used [0x00000007efb50000, 0x00000007f298ed48, 0x00000007f298ee00, 0x00000007f4864000)
 compacting perm gen  total 42624K, used 42623K [0x00000007fae00000, 0x00000007fd7a0000, 0x0000000800000000)
   the space 42624K,  99% used [0x00000007fae00000, 0x00000007fd79fd30, 0x00000007fd79fe00, 0x00000007fd7a0000)
No shared spaces configured.
}

