# JRE version: 7.0_25-b15
# Java VM: Java HotSpot(TM) 64-Bit Server VM (23.25-b01 mixed mode bsd-amd64 compressed oops)
Heap
 def new generation   total 35904K, used 4235K [0x00000007ea200000, 0x00000007ec8f0000, 0x00000007efb50000)
  eden space 31936K,  12% used [0x00000007ea200000, 0x00000007ea60b780, 0x00000007ec130000)
  from space 3968K,   2% used [0x00000007ec510000, 0x00000007ec527638, 0x00000007ec8f0000)
  to   space 3968K,   0% used [0x00000007ec130000, 0x00000007ec130000, 0x00000007ec510000)
 tenured generation   total 79344K, used 47606K [0x00000007efb50000, 0x00000007f48cc000, 0x00000007fae00000)
   the space 79344K,  59% used [0x00000007efb50000, 0x00000007f29cd878, 0x00000007f29cda00, 0x00000007f48cc000)
 compacting perm gen  total 42944K, used 42671K [0x00000007fae00000, 0x00000007fd7f0000, 0x0000000800000000)
   the space 42944K,  99% used [0x00000007fae00000, 0x00000007fd7abdc0, 0x00000007fd7abe00, 0x00000007fd7f0000)
GC Heap History (10 events):
Event: 1366.926 GC heap before
{Heap before GC invocations=719 (full 5):
 def new generation   total 30912K, used 27821K [0x00000007ea200000, 0x00000007ec380000, 0x00000007efb50000)
  eden space 27520K, 100% used [0x00000007ea200000, 0x00000007ebce0000, 0x00000007ebce0000)
  from space 3392K,   8% used [0x00000007ebce0000, 0x00000007ebd2b7f8, 0x00000007ec030000)
  to   space 3392K,   0% used [0x00000007ec030000, 0x00000007ec030000, 0x00000007ec380000)
 tenured generation   total 68324K, used 53546K [0x00000007efb50000, 0x00000007f3e09000, 0x00000007fae00000)
   the space 68324K,  78% used [0x00000007efb50000, 0x00000007f2f9a978, 0x00000007f2f9aa00, 0x00000007f3e09000)
 compacting perm gen  total 42624K, used 42526K [0x00000007fae00000, 0x00000007fd7a0000, 0x0000000800000000)
   the space 42624K,  99% used [0x00000007fae00000, 0x00000007fd787870, 0x00000007fd787a00, 0x00000007fd7a0000)
No shared spaces configured.
Event: 1366.934 GC heap after
Heap after GC invocations=720 (full 5):
 def new generation   total 30912K, used 322K [0x00000007ea200000, 0x00000007ec380000, 0x00000007efb50000)
  eden space 27520K,   0% used [0x00000007ea200000, 0x00000007ea200000, 0x00000007ebce0000)
  from space 3392K,   9% used [0x00000007ec030000, 0x00000007ec080a88, 0x00000007ec380000)
  to   space 3392K,   0% used [0x00000007ebce0000, 0x00000007ebce0000, 0x00000007ec030000)
 tenured generation   total 68324K, used 53547K [0x00000007efb50000, 0x00000007f3e09000, 0x00000007fae00000)
   the space 68324K,  78% used [0x00000007efb50000, 0x00000007f2f9af40, 0x00000007f2f9b000, 0x00000007f3e09000)
 compacting perm gen  total 42624K, used 42526K [0x00000007fae00000, 0x00000007fd7a0000, 0x0000000800000000)
   the space 42624K,  99% used [0x00000007fae00000, 0x00000007fd787870, 0x00000007fd787a00, 0x00000007fd7a0000)
No shared spaces configured.
}
Event: 1368.433 GC heap before
{Heap before GC invocations=720 (full 5):
 def new generation   total 30912K, used 27842K [0x00000007ea200000, 0x00000007ec380000, 0x00000007efb50000)
  eden space 27520K, 100% used [0x00000007ea200000, 0x00000007ebce0000, 0x00000007ebce0000)
  from space 3392K,   9% used [0x00000007ec030000, 0x00000007ec080a88, 0x00000007ec380000)
  to   space 3392K,   0% used [0x00000007ebce0000, 0x00000007ebce0000, 0x00000007ec030000)
 tenured generation   total 68324K, used 53547K [0x00000007efb50000, 0x00000007f3e09000, 0x00000007fae00000)
   the space 68324K,  78% used [0x00000007efb50000, 0x00000007f2f9af40, 0x00000007f2f9b000, 0x00000007f3e09000)
 compacting perm gen  total 42624K, used 42541K [0x00000007fae00000, 0x00000007fd7a0000, 0x0000000800000000)
   the space 42624K,  99% used [0x00000007fae00000, 0x00000007fd78b7f0, 0x00000007fd78b800, 0x00000007fd7a0000)
No shared spaces configured.
Event: 1368.443 GC heap after
Heap after GC invocations=721 (full 5):
 def new generation   total 30912K, used 358K [0x00000007ea200000, 0x00000007ec380000, 0x00000007efb50000)
  eden space 27520K,   0% used [0x00000007ea200000, 0x00000007ea200000, 0x00000007ebce0000)
  from space 3392K,  10% used [0x00000007ebce0000, 0x00000007ebd39a70, 0x00000007ec030000)
  to   space 3392K,   0% used [0x00000007ec030000, 0x00000007ec030000, 0x00000007ec380000)
 tenured generation   total 68324K, used 53549K [0x00000007efb50000, 0x00000007f3e09000, 0x00000007fae00000)
   the space 68324K,  78% used [0x00000007efb50000, 0x00000007f2f9b4f0, 0x00000007f2f9b600, 0x00000007f3e09000)
 compacting perm gen  total 42624K, used 42541K [0x00000007fae00000, 0x00000007fd7a0000, 0x0000000800000000)
   the space 42624K,  99% used [0x00000007fae00000, 0x00000007fd78b7f0, 0x00000007fd78b800, 0x00000007fd7a0000)
No shared spaces configured.
}
Event: 1511.710 GC heap before
{Heap before GC invocations=721 (full 5):
 def new generation   total 30912K, used 27878K [0x00000007ea200000, 0x00000007ec380000, 0x00000007efb50000)
  eden space 27520K, 100% used [0x00000007ea200000, 0x00000007ebce0000, 0x00000007ebce0000)
  from space 3392K,  10% used [0x00000007ebce0000, 0x00000007ebd39a70, 0x00000007ec030000)
  to   space 3392K,   0% used [0x00000007ec030000, 0x00000007ec030000, 0x00000007ec380000)
 tenured generation   total 68324K, used 53549K [0x00000007efb50000, 0x00000007f3e09000, 0x00000007fae00000)
   the space 68324K,  78% used [0x00000007efb50000, 0x00000007f2f9b4f0, 0x00000007f2f9b600, 0x00000007f3e09000)
 compacting perm gen  total 42624K, used 42593K [0x00000007fae00000, 0x00000007fd7a0000, 0x0000000800000000)
   the space 42624K,  99% used [0x00000007fae00000, 0x00000007fd798468, 0x00000007fd798600, 0x00000007fd7a0000)
No shared spaces configured.
Event: 1511.717 GC heap after
Heap after GC invocations=722 (full 5):
 def new generation   total 30912K, used 297K [0x00000007ea200000, 0x00000007ec380000, 0x00000007efb50000)
  eden space 27520K,   0% used [0x00000007ea200000, 0x00000007ea200000, 0x00000007ebce0000)
  from space 3392K,   8% used [0x00000007ec030000, 0x00000007ec07a778, 0x00000007ec380000)
  to   space 3392K,   0% used [0x00000007ebce0000, 0x00000007ebce0000, 0x00000007ec030000)
 tenured generation   total 68324K, used 53550K [0x00000007efb50000, 0x00000007f3e09000, 0x00000007fae00000)
   the space 68324K,  78% used [0x00000007efb50000, 0x00000007f2f9b990, 0x00000007f2f9ba00, 0x00000007f3e09000)
 compacting perm gen  total 42624K, used 42593K [0x00000007fae00000, 0x00000007fd7a0000, 0x0000000800000000)
   the space 42624K,  99% used [0x00000007fae00000, 0x00000007fd798468, 0x00000007fd798600, 0x00000007fd7a0000)
No shared spaces configured.
}
Event: 1558.115 GC heap before
{Heap before GC invocations=722 (full 5):
 def new generation   total 30912K, used 6639K [0x00000007ea200000, 0x00000007ec380000, 0x00000007efb50000)
  eden space 27520K,  23% used [0x00000007ea200000, 0x00000007ea831618, 0x00000007ebce0000)
  from space 3392K,   8% used [0x00000007ec030000, 0x00000007ec07a778, 0x00000007ec380000)
  to   space 3392K,   0% used [0x00000007ebce0000, 0x00000007ebce0000, 0x00000007ec030000)
 tenured generation   total 68324K, used 53550K [0x00000007efb50000, 0x00000007f3e09000, 0x00000007fae00000)
   the space 68324K,  78% used [0x00000007efb50000, 0x00000007f2f9b990, 0x00000007f2f9ba00, 0x00000007f3e09000)
 compacting perm gen  total 42624K, used 42623K [0x00000007fae00000, 0x00000007fd7a0000, 0x0000000800000000)
   the space 42624K,  99% used [0x00000007fae00000, 0x00000007fd79fd10, 0x00000007fd79fe00, 0x00000007fd7a0000)
No shared spaces configured.
Event: 1558.482 GC heap after
Heap after GC invocations=723 (full 6):
 def new generation   total 35904K, used 0K [0x00000007ea200000, 0x00000007ec8f0000, 0x00000007efb50000)
  eden space 31936K,   0% used [0x00000007ea200000, 0x00000007ea200000, 0x00000007ec130000)
  from space 3968K,   0% used [0x00000007ec130000, 0x00000007ec130000, 0x00000007ec510000)
  to   space 3968K,   0% used [0x00000007ec510000, 0x00000007ec510000, 0x00000007ec8f0000)
 tenured generation   total 79344K, used 47606K [0x00000007efb50000, 0x00000007f48cc000, 0x00000007fae00000)
   the space 79344K,  59% used [0x00000007efb50000, 0x00000007f29cd878, 0x00000007f29cda00, 0x00000007f48cc000)
 compacting perm gen  total 42624K, used 42623K [0x00000007fae00000, 0x00000007fd7a0000, 0x0000000800000000)
   the space 42624K,  99% used [0x00000007fae00000, 0x00000007fd79fd10, 0x00000007fd79fe00, 0x00000007fd7a0000)
No shared spaces configured.
}
Event: 1609.340 GC heap before
{Heap before GC invocations=723 (full 6):
 def new generation   total 35904K, used 31936K [0x00000007ea200000, 0x00000007ec8f0000, 0x00000007efb50000)
  eden space 31936K, 100% used [0x00000007ea200000, 0x00000007ec130000, 0x00000007ec130000)
  from space 3968K,   0% used [0x00000007ec130000, 0x00000007ec130000, 0x00000007ec510000)
  to   space 3968K,   0% used [0x00000007ec510000, 0x00000007ec510000, 0x00000007ec8f0000)
 tenured generation   total 79344K, used 47606K [0x00000007efb50000, 0x00000007f48cc000, 0x00000007fae00000)
   the space 79344K,  59% used [0x00000007efb50000, 0x00000007f29cd878, 0x00000007f29cda00, 0x00000007f48cc000)
 compacting perm gen  total 42944K, used 42671K [0x00000007fae00000, 0x00000007fd7f0000, 0x0000000800000000)
   the space 42944K,  99% used [0x00000007fae00000, 0x00000007fd7abdc0, 0x00000007fd7abe00, 0x00000007fd7f0000)
No shared spaces configured.
Event: 1609.348 GC heap after
Heap after GC invocations=724 (full 6):
 def new generation   total 35904K, used 93K [0x00000007ea200000, 0x00000007ec8f0000, 0x00000007efb50000)
  eden space 31936K,   0% used [0x00000007ea200000, 0x00000007ea200000, 0x00000007ec130000)
  from space 3968K,   2% used [0x00000007ec510000, 0x00000007ec527638, 0x00000007ec8f0000)
  to   space 3968K,   0% used [0x00000007ec130000, 0x00000007ec130000, 0x00000007ec510000)
 tenured generation   total 79344K, used 47606K [0x00000007efb50000, 0x00000007f48cc000, 0x00000007fae00000)
   the space 79344K,  59% used [0x00000007efb50000, 0x00000007f29cd878, 0x00000007f29cda00, 0x00000007f48cc000)
 compacting perm gen  total 42944K, used 42671K [0x00000007fae00000, 0x00000007fd7f0000, 0x0000000800000000)
   the space 42944K,  99% used [0x00000007fae00000, 0x00000007fd7abdc0, 0x00000007fd7abe00, 0x00000007fd7f0000)
No shared spaces configured.
}

