# JRE version: 7.0_25-b15
# Java VM: Java HotSpot(TM) 64-Bit Server VM (23.25-b01 mixed mode bsd-amd64 compressed oops)
Heap
 par new generation   total 261952K, used 137155K [0x00000007bae00000, 0x00000007cae00000, 0x00000007caf00000)
  eden space 261760K,  52% used [0x00000007bae00000, 0x00000007c33f0ea8, 0x00000007cada0000)
  from space 192K,   0% used [0x00000007cadd0000, 0x00000007cadd0000, 0x00000007cae00000)
  to   space 192K,   0% used [0x00000007cada0000, 0x00000007cada0000, 0x00000007cadd0000)
 concurrent mark-sweep generation total 262144K, used 86536K [0x00000007caf00000, 0x00000007daf00000, 0x00000007fae00000)
 concurrent-mark-sweep perm gen total 63004K, used 52896K [0x00000007fae00000, 0x00000007feb87000, 0x0000000800000000)
GC Heap History (10 events):
Event: 607.064 GC heap before
{Heap before GC invocations=121 (full 4):
 par new generation   total 261952K, used 261760K [0x00000007bae00000, 0x00000007cae00000, 0x00000007caf00000)
  eden space 261760K, 100% used [0x00000007bae00000, 0x00000007cada0000, 0x00000007cada0000)
  from space 192K,   0% used [0x00000007cada0000, 0x00000007cada0000, 0x00000007cadd0000)
  to   space 192K,   0% used [0x00000007cadd0000, 0x00000007cadd0000, 0x00000007cae00000)
 concurrent mark-sweep generation total 262144K, used 84609K [0x00000007caf00000, 0x00000007daf00000, 0x00000007fae00000)
 concurrent-mark-sweep perm gen total 63004K, used 52894K [0x00000007fae00000, 0x00000007feb87000, 0x0000000800000000)
Event: 607.070 GC heap after
Heap after GC invocations=122 (full 4):
 par new generation   total 261952K, used 0K [0x00000007bae00000, 0x00000007cae00000, 0x00000007caf00000)
  eden space 261760K,   0% used [0x00000007bae00000, 0x00000007bae00000, 0x00000007cada0000)
  from space 192K,   0% used [0x00000007cadd0000, 0x00000007cadd0000, 0x00000007cae00000)
  to   space 192K,   0% used [0x00000007cada0000, 0x00000007cada0000, 0x00000007cadd0000)
 concurrent mark-sweep generation total 262144K, used 85019K [0x00000007caf00000, 0x00000007daf00000, 0x00000007fae00000)
 concurrent-mark-sweep perm gen total 63004K, used 52894K [0x00000007fae00000, 0x00000007feb87000, 0x0000000800000000)
}
Event: 607.259 GC heap before
{Heap before GC invocations=122 (full 4):
 par new generation   total 261952K, used 261760K [0x00000007bae00000, 0x00000007cae00000, 0x00000007caf00000)
  eden space 261760K, 100% used [0x00000007bae00000, 0x00000007cada0000, 0x00000007cada0000)
  from space 192K,   0% used [0x00000007cadd0000, 0x00000007cadd0000, 0x00000007cae00000)
  to   space 192K,   0% used [0x00000007cada0000, 0x00000007cada0000, 0x00000007cadd0000)
 concurrent mark-sweep generation total 262144K, used 85019K [0x00000007caf00000, 0x00000007daf00000, 0x00000007fae00000)
 concurrent-mark-sweep perm gen total 63004K, used 52894K [0x00000007fae00000, 0x00000007feb87000, 0x0000000800000000)
Event: 607.265 GC heap after
Heap after GC invocations=123 (full 4):
 par new generation   total 261952K, used 0K [0x00000007bae00000, 0x00000007cae00000, 0x00000007caf00000)
  eden space 261760K,   0% used [0x00000007bae00000, 0x00000007bae00000, 0x00000007cada0000)
  from space 192K,   0% used [0x00000007cada0000, 0x00000007cada0000, 0x00000007cadd0000)
  to   space 192K,   0% used [0x00000007cadd0000, 0x00000007cadd0000, 0x00000007cae00000)
 concurrent mark-sweep generation total 262144K, used 85577K [0x00000007caf00000, 0x00000007daf00000, 0x00000007fae00000)
 concurrent-mark-sweep perm gen total 63004K, used 52894K [0x00000007fae00000, 0x00000007feb87000, 0x0000000800000000)
}
Event: 607.451 GC heap before
{Heap before GC invocations=123 (full 4):
 par new generation   total 261952K, used 261760K [0x00000007bae00000, 0x00000007cae00000, 0x00000007caf00000)
  eden space 261760K, 100% used [0x00000007bae00000, 0x00000007cada0000, 0x00000007cada0000)
  from space 192K,   0% used [0x00000007cada0000, 0x00000007cada0000, 0x00000007cadd0000)
  to   space 192K,   0% used [0x00000007cadd0000, 0x00000007cadd0000, 0x00000007cae00000)
 concurrent mark-sweep generation total 262144K, used 85577K [0x00000007caf00000, 0x00000007daf00000, 0x00000007fae00000)
 concurrent-mark-sweep perm gen total 63004K, used 52894K [0x00000007fae00000, 0x00000007feb87000, 0x0000000800000000)
Event: 607.457 GC heap after
Heap after GC invocations=124 (full 4):
 par new generation   total 261952K, used 0K [0x00000007bae00000, 0x00000007cae00000, 0x00000007caf00000)
  eden space 261760K,   0% used [0x00000007bae00000, 0x00000007bae00000, 0x00000007cada0000)
  from space 192K,   0% used [0x00000007cadd0000, 0x00000007cadd0000, 0x00000007cae00000)
  to   space 192K,   0% used [0x00000007cada0000, 0x00000007cada0000, 0x00000007cadd0000)
 concurrent mark-sweep generation total 262144K, used 85867K [0x00000007caf00000, 0x00000007daf00000, 0x00000007fae00000)
 concurrent-mark-sweep perm gen total 63004K, used 52894K [0x00000007fae00000, 0x00000007feb87000, 0x0000000800000000)
}
Event: 607.657 GC heap before
{Heap before GC invocations=124 (full 4):
 par new generation   total 261952K, used 261760K [0x00000007bae00000, 0x00000007cae00000, 0x00000007caf00000)
  eden space 261760K, 100% used [0x00000007bae00000, 0x00000007cada0000, 0x00000007cada0000)
  from space 192K,   0% used [0x00000007cadd0000, 0x00000007cadd0000, 0x00000007cae00000)
  to   space 192K,   0% used [0x00000007cada0000, 0x00000007cada0000, 0x00000007cadd0000)
 concurrent mark-sweep generation total 262144K, used 85867K [0x00000007caf00000, 0x00000007daf00000, 0x00000007fae00000)
 concurrent-mark-sweep perm gen total 63004K, used 52894K [0x00000007fae00000, 0x00000007feb87000, 0x0000000800000000)
Event: 607.664 GC heap after
Heap after GC invocations=125 (full 4):
 par new generation   total 261952K, used 0K [0x00000007bae00000, 0x00000007cae00000, 0x00000007caf00000)
  eden space 261760K,   0% used [0x00000007bae00000, 0x00000007bae00000, 0x00000007cada0000)
  from space 192K,   0% used [0x00000007cada0000, 0x00000007cada0000, 0x00000007cadd0000)
  to   space 192K,   0% used [0x00000007cadd0000, 0x00000007cadd0000, 0x00000007cae00000)
 concurrent mark-sweep generation total 262144K, used 86365K [0x00000007caf00000, 0x00000007daf00000, 0x00000007fae00000)
 concurrent-mark-sweep perm gen total 63004K, used 52894K [0x00000007fae00000, 0x00000007feb87000, 0x0000000800000000)
}
Event: 607.990 GC heap before
{Heap before GC invocations=125 (full 4):
 par new generation   total 261952K, used 261760K [0x00000007bae00000, 0x00000007cae00000, 0x00000007caf00000)
  eden space 261760K, 100% used [0x00000007bae00000, 0x00000007cada0000, 0x00000007cada0000)
  from space 192K,   0% used [0x00000007cada0000, 0x00000007cada0000, 0x00000007cadd0000)
  to   space 192K,   0% used [0x00000007cadd0000, 0x00000007cadd0000, 0x00000007cae00000)
 concurrent mark-sweep generation total 262144K, used 86365K [0x00000007caf00000, 0x00000007daf00000, 0x00000007fae00000)
 concurrent-mark-sweep perm gen total 63004K, used 52896K [0x00000007fae00000, 0x00000007feb87000, 0x0000000800000000)
Event: 607.996 GC heap after
Heap after GC invocations=126 (full 4):
 par new generation   total 261952K, used 0K [0x00000007bae00000, 0x00000007cae00000, 0x00000007caf00000)
  eden space 261760K,   0% used [0x00000007bae00000, 0x00000007bae00000, 0x00000007cada0000)
  from space 192K,   0% used [0x00000007cadd0000, 0x00000007cadd0000, 0x00000007cae00000)
  to   space 192K,   0% used [0x00000007cada0000, 0x00000007cada0000, 0x00000007cadd0000)
 concurrent mark-sweep generation total 262144K, used 86536K [0x00000007caf00000, 0x00000007daf00000, 0x00000007fae00000)
 concurrent-mark-sweep perm gen total 63004K, used 52896K [0x00000007fae00000, 0x00000007feb87000, 0x0000000800000000)
}

