# JRE version: 7.0_25-b15
# Java VM: Java HotSpot(TM) 64-Bit Server VM (23.25-b01 mixed mode bsd-amd64 compressed oops)
Heap
 def new generation   total 39168K, used 18739K [0x00000007eae00000, 0x00000007ed880000, 0x00000007f0350000)
  eden space 34816K,  52% used [0x00000007eae00000, 0x00000007ec003508, 0x00000007ed000000)
  from space 4352K,   6% used [0x00000007ed440000, 0x00000007ed489a60, 0x00000007ed880000)
  to   space 4352K,   0% used [0x00000007ed000000, 0x00000007ed000000, 0x00000007ed440000)
 tenured generation   total 86572K, used 60523K [0x00000007f0350000, 0x00000007f57db000, 0x00000007fae00000)
   the space 86572K,  69% used [0x00000007f0350000, 0x00000007f3e6adf8, 0x00000007f3e6ae00, 0x00000007f57db000)
 compacting perm gen  total 42688K, used 42518K [0x00000007fae00000, 0x00000007fd7b0000, 0x0000000800000000)
   the space 42688K,  99% used [0x00000007fae00000, 0x00000007fd785930, 0x00000007fd785a00, 0x00000007fd7b0000)
GC Heap History (10 events):
Event: 96.747 GC heap before
{Heap before GC invocations=1070 (full 6):
 def new generation   total 39168K, used 35391K [0x00000007eae00000, 0x00000007ed880000, 0x00000007f0350000)
  eden space 34816K, 100% used [0x00000007eae00000, 0x00000007ed000000, 0x00000007ed000000)
  from space 4352K,  13% used [0x00000007ed000000, 0x00000007ed08ffd0, 0x00000007ed440000)
  to   space 4352K,   0% used [0x00000007ed440000, 0x00000007ed440000, 0x00000007ed880000)
 tenured generation   total 86572K, used 60353K [0x00000007f0350000, 0x00000007f57db000, 0x00000007fae00000)
   the space 86572K,  69% used [0x00000007f0350000, 0x00000007f3e40430, 0x00000007f3e40600, 0x00000007f57db000)
 compacting perm gen  total 42688K, used 42518K [0x00000007fae00000, 0x00000007fd7b0000, 0x0000000800000000)
   the space 42688K,  99% used [0x00000007fae00000, 0x00000007fd785850, 0x00000007fd785a00, 0x00000007fd7b0000)
No shared spaces configured.
Event: 96.752 GC heap after
Heap after GC invocations=1071 (full 6):
 def new generation   total 39168K, used 431K [0x00000007eae00000, 0x00000007ed880000, 0x00000007f0350000)
  eden space 34816K,   0% used [0x00000007eae00000, 0x00000007eae00000, 0x00000007ed000000)
  from space 4352K,   9% used [0x00000007ed440000, 0x00000007ed4abc48, 0x00000007ed880000)
  to   space 4352K,   0% used [0x00000007ed000000, 0x00000007ed000000, 0x00000007ed440000)
 tenured generation   total 86572K, used 60386K [0x00000007f0350000, 0x00000007f57db000, 0x00000007fae00000)
   the space 86572K,  69% used [0x00000007f0350000, 0x00000007f3e489f8, 0x00000007f3e48a00, 0x00000007f57db000)
 compacting perm gen  total 42688K, used 42518K [0x00000007fae00000, 0x00000007fd7b0000, 0x0000000800000000)
   the space 42688K,  99% used [0x00000007fae00000, 0x00000007fd785850, 0x00000007fd785a00, 0x00000007fd7b0000)
No shared spaces configured.
}
Event: 96.792 GC heap before
{Heap before GC invocations=1071 (full 6):
 def new generation   total 39168K, used 35247K [0x00000007eae00000, 0x00000007ed880000, 0x00000007f0350000)
  eden space 34816K, 100% used [0x00000007eae00000, 0x00000007ed000000, 0x00000007ed000000)
  from space 4352K,   9% used [0x00000007ed440000, 0x00000007ed4abc48, 0x00000007ed880000)
  to   space 4352K,   0% used [0x00000007ed000000, 0x00000007ed000000, 0x00000007ed440000)
 tenured generation   total 86572K, used 60386K [0x00000007f0350000, 0x00000007f57db000, 0x00000007fae00000)
   the space 86572K,  69% used [0x00000007f0350000, 0x00000007f3e489f8, 0x00000007f3e48a00, 0x00000007f57db000)
 compacting perm gen  total 42688K, used 42518K [0x00000007fae00000, 0x00000007fd7b0000, 0x0000000800000000)
   the space 42688K,  99% used [0x00000007fae00000, 0x00000007fd785850, 0x00000007fd785a00, 0x00000007fd7b0000)
No shared spaces configured.
Event: 96.796 GC heap after
Heap after GC invocations=1072 (full 6):
 def new generation   total 39168K, used 389K [0x00000007eae00000, 0x00000007ed880000, 0x00000007f0350000)
  eden space 34816K,   0% used [0x00000007eae00000, 0x00000007eae00000, 0x00000007ed000000)
  from space 4352K,   8% used [0x00000007ed000000, 0x00000007ed061690, 0x00000007ed440000)
  to   space 4352K,   0% used [0x00000007ed440000, 0x00000007ed440000, 0x00000007ed880000)
 tenured generation   total 86572K, used 60428K [0x00000007f0350000, 0x00000007f57db000, 0x00000007fae00000)
   the space 86572K,  69% used [0x00000007f0350000, 0x00000007f3e53110, 0x00000007f3e53200, 0x00000007f57db000)
 compacting perm gen  total 42688K, used 42518K [0x00000007fae00000, 0x00000007fd7b0000, 0x0000000800000000)
   the space 42688K,  99% used [0x00000007fae00000, 0x00000007fd785850, 0x00000007fd785a00, 0x00000007fd7b0000)
No shared spaces configured.
}
Event: 96.831 GC heap before
{Heap before GC invocations=1072 (full 6):
 def new generation   total 39168K, used 35205K [0x00000007eae00000, 0x00000007ed880000, 0x00000007f0350000)
  eden space 34816K, 100% used [0x00000007eae00000, 0x00000007ed000000, 0x00000007ed000000)
  from space 4352K,   8% used [0x00000007ed000000, 0x00000007ed061690, 0x00000007ed440000)
  to   space 4352K,   0% used [0x00000007ed440000, 0x00000007ed440000, 0x00000007ed880000)
 tenured generation   total 86572K, used 60428K [0x00000007f0350000, 0x00000007f57db000, 0x00000007fae00000)
   the space 86572K,  69% used [0x00000007f0350000, 0x00000007f3e53110, 0x00000007f3e53200, 0x00000007f57db000)
 compacting perm gen  total 42688K, used 42518K [0x00000007fae00000, 0x00000007fd7b0000, 0x0000000800000000)
   the space 42688K,  99% used [0x00000007fae00000, 0x00000007fd785850, 0x00000007fd785a00, 0x00000007fd7b0000)
No shared spaces configured.
Event: 96.837 GC heap after
Heap after GC invocations=1073 (full 6):
 def new generation   total 39168K, used 359K [0x00000007eae00000, 0x00000007ed880000, 0x00000007f0350000)
  eden space 34816K,   0% used [0x00000007eae00000, 0x00000007eae00000, 0x00000007ed000000)
  from space 4352K,   8% used [0x00000007ed440000, 0x00000007ed499e58, 0x00000007ed880000)
  to   space 4352K,   0% used [0x00000007ed000000, 0x00000007ed000000, 0x00000007ed440000)
 tenured generation   total 86572K, used 60460K [0x00000007f0350000, 0x00000007f57db000, 0x00000007fae00000)
   the space 86572K,  69% used [0x00000007f0350000, 0x00000007f3e5b3e8, 0x00000007f3e5b400, 0x00000007f57db000)
 compacting perm gen  total 42688K, used 42518K [0x00000007fae00000, 0x00000007fd7b0000, 0x0000000800000000)
   the space 42688K,  99% used [0x00000007fae00000, 0x00000007fd785850, 0x00000007fd785a00, 0x00000007fd7b0000)
No shared spaces configured.
}
Event: 96.874 GC heap before
{Heap before GC invocations=1073 (full 6):
 def new generation   total 39168K, used 35175K [0x00000007eae00000, 0x00000007ed880000, 0x00000007f0350000)
  eden space 34816K, 100% used [0x00000007eae00000, 0x00000007ed000000, 0x00000007ed000000)
  from space 4352K,   8% used [0x00000007ed440000, 0x00000007ed499e58, 0x00000007ed880000)
  to   space 4352K,   0% used [0x00000007ed000000, 0x00000007ed000000, 0x00000007ed440000)
 tenured generation   total 86572K, used 60460K [0x00000007f0350000, 0x00000007f57db000, 0x00000007fae00000)
   the space 86572K,  69% used [0x00000007f0350000, 0x00000007f3e5b3e8, 0x00000007f3e5b400, 0x00000007f57db000)
 compacting perm gen  total 42688K, used 42518K [0x00000007fae00000, 0x00000007fd7b0000, 0x0000000800000000)
   the space 42688K,  99% used [0x00000007fae00000, 0x00000007fd785850, 0x00000007fd785a00, 0x00000007fd7b0000)
No shared spaces configured.
Event: 96.878 GC heap after
Heap after GC invocations=1074 (full 6):
 def new generation   total 39168K, used 325K [0x00000007eae00000, 0x00000007ed880000, 0x00000007f0350000)
  eden space 34816K,   0% used [0x00000007eae00000, 0x00000007eae00000, 0x00000007ed000000)
  from space 4352K,   7% used [0x00000007ed000000, 0x00000007ed051650, 0x00000007ed440000)
  to   space 4352K,   0% used [0x00000007ed440000, 0x00000007ed440000, 0x00000007ed880000)
 tenured generation   total 86572K, used 60492K [0x00000007f0350000, 0x00000007f57db000, 0x00000007fae00000)
   the space 86572K,  69% used [0x00000007f0350000, 0x00000007f3e63138, 0x00000007f3e63200, 0x00000007f57db000)
 compacting perm gen  total 42688K, used 42518K [0x00000007fae00000, 0x00000007fd7b0000, 0x0000000800000000)
   the space 42688K,  99% used [0x00000007fae00000, 0x00000007fd785850, 0x00000007fd785a00, 0x00000007fd7b0000)
No shared spaces configured.
}
Event: 96.912 GC heap before
{Heap before GC invocations=1074 (full 6):
 def new generation   total 39168K, used 35141K [0x00000007eae00000, 0x00000007ed880000, 0x00000007f0350000)
  eden space 34816K, 100% used [0x00000007eae00000, 0x00000007ed000000, 0x00000007ed000000)
  from space 4352K,   7% used [0x00000007ed000000, 0x00000007ed051650, 0x00000007ed440000)
  to   space 4352K,   0% used [0x00000007ed440000, 0x00000007ed440000, 0x00000007ed880000)
 tenured generation   total 86572K, used 60492K [0x00000007f0350000, 0x00000007f57db000, 0x00000007fae00000)
   the space 86572K,  69% used [0x00000007f0350000, 0x00000007f3e63138, 0x00000007f3e63200, 0x00000007f57db000)
 compacting perm gen  total 42688K, used 42518K [0x00000007fae00000, 0x00000007fd7b0000, 0x0000000800000000)
   the space 42688K,  99% used [0x00000007fae00000, 0x00000007fd785850, 0x00000007fd785a00, 0x00000007fd7b0000)
No shared spaces configured.
Event: 96.917 GC heap after
Heap after GC invocations=1075 (full 6):
 def new generation   total 39168K, used 294K [0x00000007eae00000, 0x00000007ed880000, 0x00000007f0350000)
  eden space 34816K,   0% used [0x00000007eae00000, 0x00000007eae00000, 0x00000007ed000000)
  from space 4352K,   6% used [0x00000007ed440000, 0x00000007ed489a60, 0x00000007ed880000)
  to   space 4352K,   0% used [0x00000007ed000000, 0x00000007ed000000, 0x00000007ed440000)
 tenured generation   total 86572K, used 60523K [0x00000007f0350000, 0x00000007f57db000, 0x00000007fae00000)
   the space 86572K,  69% used [0x00000007f0350000, 0x00000007f3e6adf8, 0x00000007f3e6ae00, 0x00000007f57db000)
 compacting perm gen  total 42688K, used 42518K [0x00000007fae00000, 0x00000007fd7b0000, 0x0000000800000000)
   the space 42688K,  99% used [0x00000007fae00000, 0x00000007fd785850, 0x00000007fd785a00, 0x00000007fd7b0000)
No shared spaces configured.
}

