# JRE version: 7.0_25-b15
# Java VM: Java HotSpot(TM) 64-Bit Server VM (23.25-b01 mixed mode bsd-amd64 compressed oops)
Heap
 def new generation   total 30592K, used 9685K [0x00000007eac00000, 0x00000007ecd30000, 0x00000007f0200000)
  eden space 27200K,  35% used [0x00000007eac00000, 0x00000007eb56cbd8, 0x00000007ec690000)
  from space 3392K,   1% used [0x00000007ec690000, 0x00000007ec698988, 0x00000007ec9e0000)
  to   space 3392K,   0% used [0x00000007ec9e0000, 0x00000007ec9e0000, 0x00000007ecd30000)
 tenured generation   total 67648K, used 53526K [0x00000007f0200000, 0x00000007f4410000, 0x00000007fae00000)
   the space 67648K,  79% used [0x00000007f0200000, 0x00000007f3645ae8, 0x00000007f3645c00, 0x00000007f4410000)
 compacting perm gen  total 42368K, used 42286K [0x00000007fae00000, 0x00000007fd760000, 0x0000000800000000)
   the space 42368K,  99% used [0x00000007fae00000, 0x00000007fd74baa0, 0x00000007fd74bc00, 0x00000007fd760000)
GC Heap History (10 events):
Event: 101.339 GC heap before
{Heap before GC invocations=737 (full 5):
 def new generation   total 30592K, used 27215K [0x00000007eac00000, 0x00000007ecd30000, 0x00000007f0200000)
  eden space 27200K, 100% used [0x00000007eac00000, 0x00000007ec690000, 0x00000007ec690000)
  from space 3392K,   0% used [0x00000007ec9e0000, 0x00000007ec9e3c80, 0x00000007ecd30000)
  to   space 3392K,   0% used [0x00000007ec690000, 0x00000007ec690000, 0x00000007ec9e0000)
 tenured generation   total 67648K, used 53523K [0x00000007f0200000, 0x00000007f4410000, 0x00000007fae00000)
   the space 67648K,  79% used [0x00000007f0200000, 0x00000007f3644f58, 0x00000007f3645000, 0x00000007f4410000)
 compacting perm gen  total 42368K, used 42227K [0x00000007fae00000, 0x00000007fd760000, 0x0000000800000000)
   the space 42368K,  99% used [0x00000007fae00000, 0x00000007fd73cc48, 0x00000007fd73ce00, 0x00000007fd760000)
No shared spaces configured.
Event: 101.344 GC heap after
Heap after GC invocations=738 (full 5):
 def new generation   total 30592K, used 17K [0x00000007eac00000, 0x00000007ecd30000, 0x00000007f0200000)
  eden space 27200K,   0% used [0x00000007eac00000, 0x00000007eac00000, 0x00000007ec690000)
  from space 3392K,   0% used [0x00000007ec690000, 0x00000007ec6946a8, 0x00000007ec9e0000)
  to   space 3392K,   0% used [0x00000007ec9e0000, 0x00000007ec9e0000, 0x00000007ecd30000)
 tenured generation   total 67648K, used 53525K [0x00000007f0200000, 0x00000007f4410000, 0x00000007fae00000)
   the space 67648K,  79% used [0x00000007f0200000, 0x00000007f3645520, 0x00000007f3645600, 0x00000007f4410000)
 compacting perm gen  total 42368K, used 42227K [0x00000007fae00000, 0x00000007fd760000, 0x0000000800000000)
   the space 42368K,  99% used [0x00000007fae00000, 0x00000007fd73cc48, 0x00000007fd73ce00, 0x00000007fd760000)
No shared spaces configured.
}
Event: 101.420 GC heap before
{Heap before GC invocations=738 (full 5):
 def new generation   total 30592K, used 27217K [0x00000007eac00000, 0x00000007ecd30000, 0x00000007f0200000)
  eden space 27200K, 100% used [0x00000007eac00000, 0x00000007ec690000, 0x00000007ec690000)
  from space 3392K,   0% used [0x00000007ec690000, 0x00000007ec6946a8, 0x00000007ec9e0000)
  to   space 3392K,   0% used [0x00000007ec9e0000, 0x00000007ec9e0000, 0x00000007ecd30000)
 tenured generation   total 67648K, used 53525K [0x00000007f0200000, 0x00000007f4410000, 0x00000007fae00000)
   the space 67648K,  79% used [0x00000007f0200000, 0x00000007f3645520, 0x00000007f3645600, 0x00000007f4410000)
 compacting perm gen  total 42368K, used 42227K [0x00000007fae00000, 0x00000007fd760000, 0x0000000800000000)
   the space 42368K,  99% used [0x00000007fae00000, 0x00000007fd73cc48, 0x00000007fd73ce00, 0x00000007fd760000)
No shared spaces configured.
Event: 101.425 GC heap after
Heap after GC invocations=739 (full 5):
 def new generation   total 30592K, used 17K [0x00000007eac00000, 0x00000007ecd30000, 0x00000007f0200000)
  eden space 27200K,   0% used [0x00000007eac00000, 0x00000007eac00000, 0x00000007ec690000)
  from space 3392K,   0% used [0x00000007ec9e0000, 0x00000007ec9e45e0, 0x00000007ecd30000)
  to   space 3392K,   0% used [0x00000007ec690000, 0x00000007ec690000, 0x00000007ec9e0000)
 tenured generation   total 67648K, used 53526K [0x00000007f0200000, 0x00000007f4410000, 0x00000007fae00000)
   the space 67648K,  79% used [0x00000007f0200000, 0x00000007f3645ae8, 0x00000007f3645c00, 0x00000007f4410000)
 compacting perm gen  total 42368K, used 42227K [0x00000007fae00000, 0x00000007fd760000, 0x0000000800000000)
   the space 42368K,  99% used [0x00000007fae00000, 0x00000007fd73cc48, 0x00000007fd73ce00, 0x00000007fd760000)
No shared spaces configured.
}
Event: 106.747 GC heap before
{Heap before GC invocations=739 (full 5):
 def new generation   total 30592K, used 27217K [0x00000007eac00000, 0x00000007ecd30000, 0x00000007f0200000)
  eden space 27200K, 100% used [0x00000007eac00000, 0x00000007ec690000, 0x00000007ec690000)
  from space 3392K,   0% used [0x00000007ec9e0000, 0x00000007ec9e45e0, 0x00000007ecd30000)
  to   space 3392K,   0% used [0x00000007ec690000, 0x00000007ec690000, 0x00000007ec9e0000)
 tenured generation   total 67648K, used 53526K [0x00000007f0200000, 0x00000007f4410000, 0x00000007fae00000)
   the space 67648K,  79% used [0x00000007f0200000, 0x00000007f3645ae8, 0x00000007f3645c00, 0x00000007f4410000)
 compacting perm gen  total 42368K, used 42248K [0x00000007fae00000, 0x00000007fd760000, 0x0000000800000000)
   the space 42368K,  99% used [0x00000007fae00000, 0x00000007fd742240, 0x00000007fd742400, 0x00000007fd760000)
No shared spaces configured.
Event: 106.751 GC heap after
Heap after GC invocations=740 (full 5):
 def new generation   total 30592K, used 11K [0x00000007eac00000, 0x00000007ecd30000, 0x00000007f0200000)
  eden space 27200K,   0% used [0x00000007eac00000, 0x00000007eac00000, 0x00000007ec690000)
  from space 3392K,   0% used [0x00000007ec690000, 0x00000007ec692c38, 0x00000007ec9e0000)
  to   space 3392K,   0% used [0x00000007ec9e0000, 0x00000007ec9e0000, 0x00000007ecd30000)
 tenured generation   total 67648K, used 53526K [0x00000007f0200000, 0x00000007f4410000, 0x00000007fae00000)
   the space 67648K,  79% used [0x00000007f0200000, 0x00000007f3645ae8, 0x00000007f3645c00, 0x00000007f4410000)
 compacting perm gen  total 42368K, used 42248K [0x00000007fae00000, 0x00000007fd760000, 0x0000000800000000)
   the space 42368K,  99% used [0x00000007fae00000, 0x00000007fd742240, 0x00000007fd742400, 0x00000007fd760000)
No shared spaces configured.
}
Event: 149.458 GC heap before
{Heap before GC invocations=740 (full 5):
 def new generation   total 30592K, used 27211K [0x00000007eac00000, 0x00000007ecd30000, 0x00000007f0200000)
  eden space 27200K, 100% used [0x00000007eac00000, 0x00000007ec690000, 0x00000007ec690000)
  from space 3392K,   0% used [0x00000007ec690000, 0x00000007ec692c38, 0x00000007ec9e0000)
  to   space 3392K,   0% used [0x00000007ec9e0000, 0x00000007ec9e0000, 0x00000007ecd30000)
 tenured generation   total 67648K, used 53526K [0x00000007f0200000, 0x00000007f4410000, 0x00000007fae00000)
   the space 67648K,  79% used [0x00000007f0200000, 0x00000007f3645ae8, 0x00000007f3645c00, 0x00000007f4410000)
 compacting perm gen  total 42368K, used 42265K [0x00000007fae00000, 0x00000007fd760000, 0x0000000800000000)
   the space 42368K,  99% used [0x00000007fae00000, 0x00000007fd7466a0, 0x00000007fd746800, 0x00000007fd760000)
No shared spaces configured.
Event: 149.466 GC heap after
Heap after GC invocations=741 (full 5):
 def new generation   total 30592K, used 34K [0x00000007eac00000, 0x00000007ecd30000, 0x00000007f0200000)
  eden space 27200K,   0% used [0x00000007eac00000, 0x00000007eac00000, 0x00000007ec690000)
  from space 3392K,   1% used [0x00000007ec9e0000, 0x00000007ec9e89e0, 0x00000007ecd30000)
  to   space 3392K,   0% used [0x00000007ec690000, 0x00000007ec690000, 0x00000007ec9e0000)
 tenured generation   total 67648K, used 53526K [0x00000007f0200000, 0x00000007f4410000, 0x00000007fae00000)
   the space 67648K,  79% used [0x00000007f0200000, 0x00000007f3645ae8, 0x00000007f3645c00, 0x00000007f4410000)
 compacting perm gen  total 42368K, used 42265K [0x00000007fae00000, 0x00000007fd760000, 0x0000000800000000)
   the space 42368K,  99% used [0x00000007fae00000, 0x00000007fd7466a0, 0x00000007fd746800, 0x00000007fd760000)
No shared spaces configured.
}
Event: 208.371 GC heap before
{Heap before GC invocations=741 (full 5):
 def new generation   total 30592K, used 27234K [0x00000007eac00000, 0x00000007ecd30000, 0x00000007f0200000)
  eden space 27200K, 100% used [0x00000007eac00000, 0x00000007ec690000, 0x00000007ec690000)
  from space 3392K,   1% used [0x00000007ec9e0000, 0x00000007ec9e89e0, 0x00000007ecd30000)
  to   space 3392K,   0% used [0x00000007ec690000, 0x00000007ec690000, 0x00000007ec9e0000)
 tenured generation   total 67648K, used 53526K [0x00000007f0200000, 0x00000007f4410000, 0x00000007fae00000)
   the space 67648K,  79% used [0x00000007f0200000, 0x00000007f3645ae8, 0x00000007f3645c00, 0x00000007f4410000)
 compacting perm gen  total 42368K, used 42284K [0x00000007fae00000, 0x00000007fd760000, 0x0000000800000000)
   the space 42368K,  99% used [0x00000007fae00000, 0x00000007fd74b2d8, 0x00000007fd74b400, 0x00000007fd760000)
No shared spaces configured.
Event: 208.376 GC heap after
Heap after GC invocations=742 (full 5):
 def new generation   total 30592K, used 34K [0x00000007eac00000, 0x00000007ecd30000, 0x00000007f0200000)
  eden space 27200K,   0% used [0x00000007eac00000, 0x00000007eac00000, 0x00000007ec690000)
  from space 3392K,   1% used [0x00000007ec690000, 0x00000007ec698988, 0x00000007ec9e0000)
  to   space 3392K,   0% used [0x00000007ec9e0000, 0x00000007ec9e0000, 0x00000007ecd30000)
 tenured generation   total 67648K, used 53526K [0x00000007f0200000, 0x00000007f4410000, 0x00000007fae00000)
   the space 67648K,  79% used [0x00000007f0200000, 0x00000007f3645ae8, 0x00000007f3645c00, 0x00000007f4410000)
 compacting perm gen  total 42368K, used 42284K [0x00000007fae00000, 0x00000007fd760000, 0x0000000800000000)
   the space 42368K,  99% used [0x00000007fae00000, 0x00000007fd74b2d8, 0x00000007fd74b400, 0x00000007fd760000)
No shared spaces configured.
}

